# JRE version: OpenJDK Runtime Environment Temurin-21.0.8+9 (21.0.8+9) (build 21.0.8+9-LTS)
# Java VM: OpenJDK 64-Bit Server VM Temurin-21.0.8+9 (21.0.8+9-LTS, mixed mode, sharing, tiered, compressed oops, compressed class ptrs, g1 gc, windows-amd64)
GC Precious Log:
 CardTable entry size: 512
 Card Set container configuration: InlinePtr #cards 4 size 8 Array Of Cards #cards 16 size 48 Howl #buckets 8 coarsen threshold 3686 Howl Bitmap #cards 512 size 80 coarsen threshold 460 Card regions per heap region 1 cards per card region 4096
 CPUs: 4 total, 4 available
 Memory: 16253M
 Large Page Support: Disabled
 NUMA Support: Disabled
 Compressed Oops: Enabled (Zero based)
 Heap Region Size: 2M
 Heap Min Capacity: 8M
 Heap Initial Capacity: 254M
 Heap Max Capacity: 4064M
 Pre-touch: Disabled
 Parallel Workers: 4
 Concurrent Workers: 1
 Concurrent Refinement Workers: 4
 Periodic GC: Disabled
Heap:
 garbage-first heap   total 157696K, used 34171K [0x0000000702000000, 0x0000000800000000)
  region size 2048K, 2 young (4096K), 1 survivors (2048K)
 Metaspace       used 26849K, committed 27136K, reserved 1114112K
  class space    used 3110K, committed 3200K, reserved 1048576K
GC Heap History (16 events):
Event: 1.029 GC heap before
{Heap before GC invocations=0 (full 0):
 garbage-first heap   total 260096K, used 10240K [0x0000000702000000, 0x0000000800000000)
  region size 2048K, 6 young (12288K), 0 survivors (0K)
 Metaspace       used 3406K, committed 3584K, reserved 1114112K
  class space    used 355K, committed 448K, reserved 1048576K
}
Event: 1.035 GC heap after
{Heap after GC invocations=1 (full 0):
 garbage-first heap   total 260096K, used 3190K [0x0000000702000000, 0x0000000800000000)
  region size 2048K, 1 young (2048K), 1 survivors (2048K)
 Metaspace       used 3406K, committed 3584K, reserved 1114112K
  class space    used 355K, committed 448K, reserved 1048576K
}
Event: 1.433 GC heap before
{Heap before GC invocations=1 (full 0):
 garbage-first heap   total 260096K, used 15478K [0x0000000702000000, 0x0000000800000000)
  region size 2048K, 7 young (14336K), 1 survivors (2048K)
 Metaspace       used 5867K, committed 6016K, reserved 1114112K
  class space    used 696K, committed 768K, reserved 1048576K
}
Event: 1.441 GC heap after
{Heap after GC invocations=2 (full 0):
 garbage-first heap   total 260096K, used 4146K [0x0000000702000000, 0x0000000800000000)
  region size 2048K, 1 young (2048K), 1 survivors (2048K)
 Metaspace       used 5867K, committed 6016K, reserved 1114112K
  class space    used 696K, committed 768K, reserved 1048576K
}
Event: 2.695 GC heap before
{Heap before GC invocations=2 (full 0):
 garbage-first heap   total 260096K, used 36914K [0x0000000702000000, 0x0000000800000000)
  region size 2048K, 18 young (36864K), 1 survivors (2048K)
 Metaspace       used 11193K, committed 11392K, reserved 1114112K
  class space    used 1351K, committed 1408K, reserved 1048576K
}
Event: 2.701 GC heap after
{Heap after GC invocations=3 (full 0):
 garbage-first heap   total 260096K, used 6021K [0x0000000702000000, 0x0000000800000000)
  region size 2048K, 2 young (4096K), 2 survivors (4096K)
 Metaspace       used 11193K, committed 11392K, reserved 1114112K
  class space    used 1351K, committed 1408K, reserved 1048576K
}
Event: 8.893 GC heap before
{Heap before GC invocations=3 (full 0):
 garbage-first heap   total 260096K, used 118661K [0x0000000702000000, 0x0000000800000000)
  region size 2048K, 59 young (120832K), 2 survivors (4096K)
 Metaspace       used 21229K, committed 21504K, reserved 1114112K
  class space    used 2504K, committed 2624K, reserved 1048576K
}
Event: 8.922 GC heap after
{Heap after GC invocations=4 (full 0):
 garbage-first heap   total 260096K, used 13540K [0x0000000702000000, 0x0000000800000000)
  region size 2048K, 5 young (10240K), 5 survivors (10240K)
 Metaspace       used 21229K, committed 21504K, reserved 1114112K
  class space    used 2504K, committed 2624K, reserved 1048576K
}
Event: 9.278 GC heap before
{Heap before GC invocations=5 (full 0):
 garbage-first heap   total 49152K, used 36068K [0x0000000702000000, 0x0000000800000000)
  region size 2048K, 16 young (32768K), 5 survivors (10240K)
 Metaspace       used 25012K, committed 25344K, reserved 1114112K
  class space    used 2926K, committed 3072K, reserved 1048576K
}
Event: 9.299 GC heap after
{Heap after GC invocations=6 (full 0):
 garbage-first heap   total 53248K, used 19507K [0x0000000702000000, 0x0000000800000000)
  region size 2048K, 2 young (4096K), 2 survivors (4096K)
 Metaspace       used 25012K, committed 25344K, reserved 1114112K
  class space    used 2926K, committed 3072K, reserved 1048576K
}
Event: 10.032 GC heap before
{Heap before GC invocations=6 (full 0):
 garbage-first heap   total 53248K, used 42035K [0x0000000702000000, 0x0000000800000000)
  region size 2048K, 13 young (26624K), 2 survivors (4096K)
 Metaspace       used 26079K, committed 26368K, reserved 1114112K
  class space    used 3019K, committed 3136K, reserved 1048576K
}
Event: 10.049 GC heap after
{Heap after GC invocations=7 (full 0):
 garbage-first heap   total 55296K, used 26141K [0x0000000702000000, 0x0000000800000000)
  region size 2048K, 2 young (4096K), 2 survivors (4096K)
 Metaspace       used 26079K, committed 26368K, reserved 1114112K
  class space    used 3019K, committed 3136K, reserved 1048576K
}
Event: 10.261 GC heap before
{Heap before GC invocations=7 (full 0):
 garbage-first heap   total 55296K, used 40477K [0x0000000702000000, 0x0000000800000000)
  region size 2048K, 10 young (20480K), 2 survivors (4096K)
 Metaspace       used 26201K, committed 26496K, reserved 1114112K
  class space    used 3039K, committed 3136K, reserved 1048576K
}
Event: 10.277 GC heap after
{Heap after GC invocations=8 (full 0):
 garbage-first heap   total 55296K, used 31722K [0x0000000702000000, 0x0000000800000000)
  region size 2048K, 2 young (4096K), 2 survivors (4096K)
 Metaspace       used 26201K, committed 26496K, reserved 1114112K
  class space    used 3039K, committed 3136K, reserved 1048576K
}
Event: 10.528 GC heap before
{Heap before GC invocations=8 (full 0):
 garbage-first heap   total 55296K, used 41962K [0x0000000702000000, 0x0000000800000000)
  region size 2048K, 7 young (14336K), 2 survivors (4096K)
 Metaspace       used 26618K, committed 26944K, reserved 1114112K
  class space    used 3088K, committed 3200K, reserved 1048576K
}
Event: 10.541 GC heap after
{Heap after GC invocations=9 (full 0):
 garbage-first heap   total 157696K, used 34171K [0x0000000702000000, 0x0000000800000000)
  region size 2048K, 1 young (2048K), 1 survivors (2048K)
 Metaspace       used 26618K, committed 26944K, reserved 1114112K
  class space    used 3088K, committed 3200K, reserved 1048576K
}

