<?xml version="1.0" encoding="UTF-8"?>
<!-- Generated by org.testng.reporters.JUnitXMLReporter -->
<testsuite ignored="0" hostname="pc-11" failures="0" tests="5" name="Surefire test" time="39.329" errors="0" timestamp="2025-11-11T10:38:34 IST">
  <testcase classname="Testcase.LoginTest" name="testSignUpButtonNavigation" time="0.802"/>
  <testcase classname="Testcase.LoginTest" name="testInvalidLogin" time="2.988"/>
  <testcase classname="Testcase.LoginTest" name="testValidLogin" time="1.779"/>
  <testcase classname="Testcase.LoginTest" name="testContactUsForm" time="3.019"/>
  <testcase classname="Testcase.LoginTest" name="testSubscribeNewsletter" time="1.816"/>
</testsuite> <!-- Surefire test -->
