<?xml version="1.0" encoding="UTF-8"?>
<!-- Generated by org.testng.reporters.JUnitXMLReporter -->
<testsuite ignored="0" hostname="pc-11" failures="0" tests="4" name="Surefire test" time="33.429" errors="0" timestamp="2025-11-11T11:15:17 IST">
  <testcase classname="Testcase.LoginTest" name="testSignUpButtonNavigation" time="2.379"/>
  <testcase classname="Testcase.LoginTest" name="testValidLogin" time="2.513"/>
  <testcase classname="Testcase.LoginTest" name="testContactUsForm" time="3.485"/>
  <testcase classname="Testcase.LoginTest" name="testSubscribeNewsletter" time="1.332"/>
</testsuite> <!-- Surefire test -->
