<?xml version="1.0" encoding="UTF-8"?>
<!-- Generated by org.testng.reporters.JUnitXMLReporter -->
<testsuite ignored="0" hostname="pc-11" failures="0" tests="5" name="Default test" time="39.885" errors="0" timestamp="2025-11-11T10:49:16 IST">
  <testcase classname="Testcase.LoginTest" name="testSignUpButtonNavigation" time="1.184"/>
  <testcase classname="Testcase.LoginTest" name="testInvalidLogin" time="0.973"/>
  <testcase classname="Testcase.LoginTest" name="testValidLogin" time="3.102"/>
  <testcase classname="Testcase.LoginTest" name="testContactUsForm" time="2.319"/>
  <testcase classname="Testcase.LoginTest" name="testSubscribeNewsletter" time="2.351"/>
</testsuite> <!-- Default test -->
