<?xml version="1.0" encoding="UTF-8"?>
<!-- Generated by org.testng.reporters.JUnitXMLReporter -->
<testsuite ignored="0" hostname="pc-11" failures="0" tests="5" name="Default test" time="40.863" errors="0" timestamp="2025-11-11T10:36:09 IST">
  <testcase classname="Testcase.LoginTest" name="testSignUpButtonNavigation" time="2.48"/>
  <testcase classname="Testcase.LoginTest" name="testInvalidLogin" time="1.113"/>
  <testcase classname="Testcase.LoginTest" name="testValidLogin" time="1.667"/>
  <testcase classname="Testcase.LoginTest" name="testContactUsForm" time="3.0"/>
  <testcase classname="Testcase.LoginTest" name="testSubscribeNewsletter" time="1.672"/>
</testsuite> <!-- Default test -->
