<?xml version="1.0" encoding="UTF-8"?>
<testng-results ignored="0" total="2" passed="2" failed="0" skipped="0">
  <reporter-output>
  </reporter-output>
  <suite started-at="2025-11-07T08:14:04 EST" name="Surefire suite" finished-at="2025-11-07T08:14:26 EST" duration-ms="21609">
    <groups>
    </groups>
    <test started-at="2025-11-07T08:14:04 EST" name="Surefire test" finished-at="2025-11-07T08:14:26 EST" duration-ms="21609">
      <class name="Testcase.LoginTest">
        <test-method is-config="true" signature="setUp()[pri:0, instance:Testcase.LoginTest@a4102b8]" started-at="2025-11-07T08:14:04 EST" name="setUp" finished-at="2025-11-07T08:14:11 EST" duration-ms="7226" status="PASS">
          <reporter-output>
          </reporter-output>
        </test-method> <!-- setUp -->
        <test-method signature="testInvalidLogin()[pri:0, instance:Testcase.LoginTest@a4102b8]" started-at="2025-11-07T08:14:12 EST" name="testInvalidLogin" finished-at="2025-11-07T08:14:15 EST" duration-ms="3674" status="PASS">
          <reporter-output>
          </reporter-output>
        </test-method> <!-- testInvalidLogin -->
        <test-method is-config="true" signature="tearDown()[pri:0, instance:Testcase.LoginTest@a4102b8]" started-at="2025-11-07T08:14:15 EST" name="tearDown" finished-at="2025-11-07T08:14:16 EST" duration-ms="638" status="PASS">
          <reporter-output>
          </reporter-output>
        </test-method> <!-- tearDown -->
        <test-method is-config="true" signature="setUp()[pri:0, instance:Testcase.LoginTest@a4102b8]" started-at="2025-11-07T08:14:16 EST" name="setUp" finished-at="2025-11-07T08:14:23 EST" duration-ms="6740" status="PASS">
          <reporter-output>
          </reporter-output>
        </test-method> <!-- setUp -->
        <test-method signature="testValidLogin()[pri:0, instance:Testcase.LoginTest@a4102b8]" started-at="2025-11-07T08:14:23 EST" name="testValidLogin" finished-at="2025-11-07T08:14:25 EST" duration-ms="2483" status="PASS">
          <reporter-output>
          </reporter-output>
        </test-method> <!-- testValidLogin -->
        <test-method is-config="true" signature="tearDown()[pri:0, instance:Testcase.LoginTest@a4102b8]" started-at="2025-11-07T08:14:25 EST" name="tearDown" finished-at="2025-11-07T08:14:26 EST" duration-ms="757" status="PASS">
          <reporter-output>
          </reporter-output>
        </test-method> <!-- tearDown -->
      </class> <!-- Testcase.LoginTest -->
    </test> <!-- Surefire test -->
  </suite> <!-- Surefire suite -->
</testng-results>
