<?xml version="1.0" encoding="UTF-8"?>
<testng-results ignored="0" total="4" passed="4" failed="0" skipped="0">
  <reporter-output>
  </reporter-output>
  <suite started-at="2025-11-11T11:14:44 IST" name="Surefire suite" finished-at="2025-11-11T11:15:17 IST" duration-ms="33429">
    <groups>
    </groups>
    <test started-at="2025-11-11T11:14:44 IST" name="Surefire test" finished-at="2025-11-11T11:15:17 IST" duration-ms="33429">
      <class name="Testcase.LoginTest">
        <test-method is-config="true" signature="setUp()[pri:0, instance:Testcase.LoginTest@1a6d8329]" started-at="2025-11-11T11:14:44 IST" name="setUp" finished-at="2025-11-11T11:14:51 IST" duration-ms="7071" status="PASS">
          <reporter-output>
          </reporter-output>
        </test-method> <!-- setUp -->
        <test-method is-config="true" signature="dismissCookieBannerIfPresent()[pri:0, instance:Testcase.LoginTest@1a6d8329]" started-at="2025-11-11T11:14:51 IST" name="dismissCookieBannerIfPresent" finished-at="2025-11-11T11:14:51 IST" duration-ms="105" status="PASS">
          <reporter-output>
          </reporter-output>
        </test-method> <!-- dismissCookieBannerIfPresent -->
        <test-method signature="testSignUpButtonNavigation()[pri:1, instance:Testcase.LoginTest@1a6d8329]" started-at="2025-11-11T11:14:51 IST" name="testSignUpButtonNavigation" finished-at="2025-11-11T11:14:54 IST" duration-ms="2379" status="PASS">
          <reporter-output>
          </reporter-output>
        </test-method> <!-- testSignUpButtonNavigation -->
        <test-method is-config="true" signature="tearDown()[pri:0, instance:Testcase.LoginTest@1a6d8329]" started-at="2025-11-11T11:14:54 IST" name="tearDown" finished-at="2025-11-11T11:14:54 IST" duration-ms="238" status="PASS">
          <reporter-output>
          </reporter-output>
        </test-method> <!-- tearDown -->
        <test-method is-config="true" signature="setUp()[pri:0, instance:Testcase.LoginTest@1a6d8329]" started-at="2025-11-11T11:14:54 IST" name="setUp" finished-at="2025-11-11T11:15:00 IST" duration-ms="5561" status="PASS">
          <reporter-output>
          </reporter-output>
        </test-method> <!-- setUp -->
        <test-method is-config="true" signature="dismissCookieBannerIfPresent()[pri:0, instance:Testcase.LoginTest@1a6d8329]" started-at="2025-11-11T11:15:00 IST" name="dismissCookieBannerIfPresent" finished-at="2025-11-11T11:15:00 IST" duration-ms="48" status="PASS">
          <reporter-output>
          </reporter-output>
        </test-method> <!-- dismissCookieBannerIfPresent -->
        <test-method signature="testValidLogin()[pri:3, instance:Testcase.LoginTest@1a6d8329]" started-at="2025-11-11T11:15:00 IST" name="testValidLogin" finished-at="2025-11-11T11:15:02 IST" duration-ms="2513" status="PASS">
          <reporter-output>
          </reporter-output>
        </test-method> <!-- testValidLogin -->
        <test-method is-config="true" signature="tearDown()[pri:0, instance:Testcase.LoginTest@1a6d8329]" started-at="2025-11-11T11:15:02 IST" name="tearDown" finished-at="2025-11-11T11:15:02 IST" duration-ms="240" status="PASS">
          <reporter-output>
          </reporter-output>
        </test-method> <!-- tearDown -->
        <test-method is-config="true" signature="setUp()[pri:0, instance:Testcase.LoginTest@1a6d8329]" started-at="2025-11-11T11:15:02 IST" name="setUp" finished-at="2025-11-11T11:15:07 IST" duration-ms="4559" status="PASS">
          <reporter-output>
          </reporter-output>
        </test-method> <!-- setUp -->
        <test-method is-config="true" signature="dismissCookieBannerIfPresent()[pri:0, instance:Testcase.LoginTest@1a6d8329]" started-at="2025-11-11T11:15:07 IST" name="dismissCookieBannerIfPresent" finished-at="2025-11-11T11:15:07 IST" duration-ms="68" status="PASS">
          <reporter-output>
          </reporter-output>
        </test-method> <!-- dismissCookieBannerIfPresent -->
        <test-method signature="testContactUsForm()[pri:4, instance:Testcase.LoginTest@1a6d8329]" started-at="2025-11-11T11:15:07 IST" name="testContactUsForm" finished-at="2025-11-11T11:15:11 IST" duration-ms="3485" status="PASS">
          <reporter-output>
          </reporter-output>
        </test-method> <!-- testContactUsForm -->
        <test-method is-config="true" signature="tearDown()[pri:0, instance:Testcase.LoginTest@1a6d8329]" started-at="2025-11-11T11:15:11 IST" name="tearDown" finished-at="2025-11-11T11:15:11 IST" duration-ms="322" status="PASS">
          <reporter-output>
          </reporter-output>
        </test-method> <!-- tearDown -->
        <test-method is-config="true" signature="setUp()[pri:0, instance:Testcase.LoginTest@1a6d8329]" started-at="2025-11-11T11:15:11 IST" name="setUp" finished-at="2025-11-11T11:15:16 IST" duration-ms="4925" status="PASS">
          <reporter-output>
          </reporter-output>
        </test-method> <!-- setUp -->
        <test-method is-config="true" signature="dismissCookieBannerIfPresent()[pri:0, instance:Testcase.LoginTest@1a6d8329]" started-at="2025-11-11T11:15:16 IST" name="dismissCookieBannerIfPresent" finished-at="2025-11-11T11:15:16 IST" duration-ms="36" status="PASS">
          <reporter-output>
          </reporter-output>
        </test-method> <!-- dismissCookieBannerIfPresent -->
        <test-method signature="testSubscribeNewsletter()[pri:5, instance:Testcase.LoginTest@1a6d8329]" started-at="2025-11-11T11:15:16 IST" name="testSubscribeNewsletter" finished-at="2025-11-11T11:15:17 IST" duration-ms="1332" status="PASS">
          <reporter-output>
          </reporter-output>
        </test-method> <!-- testSubscribeNewsletter -->
        <test-method is-config="true" signature="tearDown()[pri:0, instance:Testcase.LoginTest@1a6d8329]" started-at="2025-11-11T11:15:17 IST" name="tearDown" finished-at="2025-11-11T11:15:17 IST" duration-ms="220" status="PASS">
          <reporter-output>
          </reporter-output>
        </test-method> <!-- tearDown -->
      </class> <!-- Testcase.LoginTest -->
    </test> <!-- Surefire test -->
  </suite> <!-- Surefire suite -->
</testng-results>
