<?xml version="1.0" encoding="UTF-8"?>
<testng-results ignored="0" total="4" passed="4" failed="0" skipped="0">
  <reporter-output>
  </reporter-output>
  <suite started-at="2025-11-11T11:13:51 IST" name="Default suite" finished-at="2025-11-11T11:14:25 IST" duration-ms="34686">
    <groups>
    </groups>
    <test started-at="2025-11-11T11:13:51 IST" name="Default test" finished-at="2025-11-11T11:14:25 IST" duration-ms="34686">
      <class name="Testcase.LoginTest">
        <test-method is-config="true" signature="setUp()[pri:0, instance:Testcase.LoginTest@126253fd]" started-at="2025-11-11T11:13:51 IST" name="setUp" finished-at="2025-11-11T11:13:57 IST" duration-ms="5825" status="PASS">
          <reporter-output>
          </reporter-output>
        </test-method> <!-- setUp -->
        <test-method is-config="true" signature="dismissCookieBannerIfPresent()[pri:0, instance:Testcase.LoginTest@126253fd]" started-at="2025-11-11T11:13:57 IST" name="dismissCookieBannerIfPresent" finished-at="2025-11-11T11:13:58 IST" duration-ms="1253" status="PASS">
          <reporter-output>
          </reporter-output>
        </test-method> <!-- dismissCookieBannerIfPresent -->
        <test-method signature="testSignUpButtonNavigation()[pri:1, instance:Testcase.LoginTest@126253fd]" started-at="2025-11-11T11:13:58 IST" name="testSignUpButtonNavigation" finished-at="2025-11-11T11:13:59 IST" duration-ms="1321" status="PASS">
          <reporter-output>
          </reporter-output>
        </test-method> <!-- testSignUpButtonNavigation -->
        <test-method is-config="true" signature="tearDown()[pri:0, instance:Testcase.LoginTest@126253fd]" started-at="2025-11-11T11:13:59 IST" name="tearDown" finished-at="2025-11-11T11:14:00 IST" duration-ms="681" status="PASS">
          <reporter-output>
          </reporter-output>
        </test-method> <!-- tearDown -->
        <test-method is-config="true" signature="setUp()[pri:0, instance:Testcase.LoginTest@126253fd]" started-at="2025-11-11T11:14:00 IST" name="setUp" finished-at="2025-11-11T11:14:05 IST" duration-ms="4844" status="PASS">
          <reporter-output>
          </reporter-output>
        </test-method> <!-- setUp -->
        <test-method is-config="true" signature="dismissCookieBannerIfPresent()[pri:0, instance:Testcase.LoginTest@126253fd]" started-at="2025-11-11T11:14:05 IST" name="dismissCookieBannerIfPresent" finished-at="2025-11-11T11:14:06 IST" duration-ms="1285" status="PASS">
          <reporter-output>
          </reporter-output>
        </test-method> <!-- dismissCookieBannerIfPresent -->
        <test-method signature="testValidLogin()[pri:3, instance:Testcase.LoginTest@126253fd]" started-at="2025-11-11T11:14:06 IST" name="testValidLogin" finished-at="2025-11-11T11:14:09 IST" duration-ms="2601" status="PASS">
          <reporter-output>
          </reporter-output>
        </test-method> <!-- testValidLogin -->
        <test-method is-config="true" signature="tearDown()[pri:0, instance:Testcase.LoginTest@126253fd]" started-at="2025-11-11T11:14:09 IST" name="tearDown" finished-at="2025-11-11T11:14:09 IST" duration-ms="309" status="PASS">
          <reporter-output>
          </reporter-output>
        </test-method> <!-- tearDown -->
        <test-method is-config="true" signature="setUp()[pri:0, instance:Testcase.LoginTest@126253fd]" started-at="2025-11-11T11:14:09 IST" name="setUp" finished-at="2025-11-11T11:14:13 IST" duration-ms="4152" status="PASS">
          <reporter-output>
          </reporter-output>
        </test-method> <!-- setUp -->
        <test-method is-config="true" signature="dismissCookieBannerIfPresent()[pri:0, instance:Testcase.LoginTest@126253fd]" started-at="2025-11-11T11:14:13 IST" name="dismissCookieBannerIfPresent" finished-at="2025-11-11T11:14:13 IST" duration-ms="48" status="PASS">
          <reporter-output>
          </reporter-output>
        </test-method> <!-- dismissCookieBannerIfPresent -->
        <test-method signature="testContactUsForm()[pri:4, instance:Testcase.LoginTest@126253fd]" started-at="2025-11-11T11:14:13 IST" name="testContactUsForm" finished-at="2025-11-11T11:14:17 IST" duration-ms="3398" status="PASS">
          <reporter-output>
          </reporter-output>
        </test-method> <!-- testContactUsForm -->
        <test-method is-config="true" signature="tearDown()[pri:0, instance:Testcase.LoginTest@126253fd]" started-at="2025-11-11T11:14:17 IST" name="tearDown" finished-at="2025-11-11T11:14:17 IST" duration-ms="528" status="PASS">
          <reporter-output>
          </reporter-output>
        </test-method> <!-- tearDown -->
        <test-method is-config="true" signature="setUp()[pri:0, instance:Testcase.LoginTest@126253fd]" started-at="2025-11-11T11:14:17 IST" name="setUp" finished-at="2025-11-11T11:14:23 IST" duration-ms="5966" status="PASS">
          <reporter-output>
          </reporter-output>
        </test-method> <!-- setUp -->
        <test-method is-config="true" signature="dismissCookieBannerIfPresent()[pri:0, instance:Testcase.LoginTest@126253fd]" started-at="2025-11-11T11:14:23 IST" name="dismissCookieBannerIfPresent" finished-at="2025-11-11T11:14:23 IST" duration-ms="59" status="PASS">
          <reporter-output>
          </reporter-output>
        </test-method> <!-- dismissCookieBannerIfPresent -->
        <test-method signature="testSubscribeNewsletter()[pri:5, instance:Testcase.LoginTest@126253fd]" started-at="2025-11-11T11:14:23 IST" name="testSubscribeNewsletter" finished-at="2025-11-11T11:14:25 IST" duration-ms="1366" status="PASS">
          <reporter-output>
          </reporter-output>
        </test-method> <!-- testSubscribeNewsletter -->
        <test-method is-config="true" signature="tearDown()[pri:0, instance:Testcase.LoginTest@126253fd]" started-at="2025-11-11T11:14:25 IST" name="tearDown" finished-at="2025-11-11T11:14:25 IST" duration-ms="715" status="PASS">
          <reporter-output>
          </reporter-output>
        </test-method> <!-- tearDown -->
      </class> <!-- Testcase.LoginTest -->
    </test> <!-- Default test -->
  </suite> <!-- Default suite -->
</testng-results>
