<?xml version="1.0" encoding="UTF-8"?>
<testng-results ignored="0" total="2" passed="2" failed="0" skipped="0">
  <reporter-output>
  </reporter-output>
  <suite started-at="2025-11-07T08:12:40 EST" name="Default suite" finished-at="2025-11-07T08:13:02 EST" duration-ms="21499">
    <groups>
    </groups>
    <test started-at="2025-11-07T08:12:40 EST" name="Default test" finished-at="2025-11-07T08:13:02 EST" duration-ms="21499">
      <class name="Testcase.LoginTest">
        <test-method is-config="true" signature="setUp()[pri:0, instance:Testcase.LoginTest@206a70ef]" started-at="2025-11-07T08:12:40 EST" name="setUp" finished-at="2025-11-07T08:12:49 EST" duration-ms="8165" status="PASS">
          <reporter-output>
          </reporter-output>
        </test-method> <!-- setUp -->
        <test-method signature="testInvalidLogin()[pri:0, instance:Testcase.LoginTest@206a70ef]" started-at="2025-11-07T08:12:49 EST" name="testInvalidLogin" finished-at="2025-11-07T08:12:52 EST" duration-ms="3046" status="PASS">
          <reporter-output>
          </reporter-output>
        </test-method> <!-- testInvalidLogin -->
        <test-method is-config="true" signature="tearDown()[pri:0, instance:Testcase.LoginTest@206a70ef]" started-at="2025-11-07T08:12:52 EST" name="tearDown" finished-at="2025-11-07T08:12:52 EST" duration-ms="728" status="PASS">
          <reporter-output>
          </reporter-output>
        </test-method> <!-- tearDown -->
        <test-method is-config="true" signature="setUp()[pri:0, instance:Testcase.LoginTest@206a70ef]" started-at="2025-11-07T08:12:52 EST" name="setUp" finished-at="2025-11-07T08:12:59 EST" duration-ms="6631" status="PASS">
          <reporter-output>
          </reporter-output>
        </test-method> <!-- setUp -->
        <test-method signature="testValidLogin()[pri:0, instance:Testcase.LoginTest@206a70ef]" started-at="2025-11-07T08:12:59 EST" name="testValidLogin" finished-at="2025-11-07T08:13:01 EST" duration-ms="2128" status="PASS">
          <reporter-output>
          </reporter-output>
        </test-method> <!-- testValidLogin -->
        <test-method is-config="true" signature="tearDown()[pri:0, instance:Testcase.LoginTest@206a70ef]" started-at="2025-11-07T08:13:01 EST" name="tearDown" finished-at="2025-11-07T08:13:02 EST" duration-ms="694" status="PASS">
          <reporter-output>
          </reporter-output>
        </test-method> <!-- tearDown -->
      </class> <!-- Testcase.LoginTest -->
    </test> <!-- Default test -->
  </suite> <!-- Default suite -->
</testng-results>
