<?xml version="1.0" encoding="UTF-8"?>
<!-- Generated by org.testng.reporters.JUnitReportReporter -->
<testsuite hostname="pc-11" failures="0" tests="5" name="Testcase.LoginTest" time="39.542" errors="0" timestamp="2025-11-11T10:49:16 IST" skipped="0">
  <testcase classname="Testcase.LoginTest" name="testSignUpButtonNavigation" time="7.623"/>
  <testcase classname="Testcase.LoginTest" name="testInvalidLogin" time="6.675"/>
  <testcase classname="Testcase.LoginTest" name="testValidLogin" time="8.581"/>
  <testcase classname="Testcase.LoginTest" name="testContactUsForm" time="9.408"/>
  <testcase classname="Testcase.LoginTest" name="testSubscribeNewsletter" time="7.255"/>
</testsuite> <!-- Testcase.LoginTest -->
