<?xml version="1.0" encoding="UTF-8"?>
<!-- Generated by org.testng.reporters.JUnitReportReporter -->
<testsuite hostname="pc-11" failures="0" tests="5" name="Testcase.LoginTest" time="40.587" errors="0" timestamp="2025-11-11T10:36:09 IST" skipped="0">
  <testcase classname="Testcase.LoginTest" name="testSignUpButtonNavigation" time="6.976"/>
  <testcase classname="Testcase.LoginTest" name="testInvalidLogin" time="7.665"/>
  <testcase classname="Testcase.LoginTest" name="testValidLogin" time="8.857"/>
  <testcase classname="Testcase.LoginTest" name="testContactUsForm" time="9.456"/>
  <testcase classname="Testcase.LoginTest" name="testSubscribeNewsletter" time="7.633"/>
</testsuite> <!-- Testcase.LoginTest -->
