<?xml version="1.0" encoding="UTF-8"?>
<!-- Generated by org.testng.reporters.JUnitReportReporter -->
<testsuite hostname="pc-11" failures="0" tests="5" name="Testcase.LoginTest" time="38.989" errors="0" timestamp="2025-11-11T10:38:34 IST" skipped="0">
  <testcase classname="Testcase.LoginTest" name="testSignUpButtonNavigation" time="6.813"/>
  <testcase classname="Testcase.LoginTest" name="testInvalidLogin" time="10.369"/>
  <testcase classname="Testcase.LoginTest" name="testValidLogin" time="7.622"/>
  <testcase classname="Testcase.LoginTest" name="testContactUsForm" time="7.624"/>
  <testcase classname="Testcase.LoginTest" name="testSubscribeNewsletter" time="6.561"/>
</testsuite> <!-- Testcase.LoginTest -->
