<?xml version="1.0" encoding="UTF-8"?>
<!-- Generated by org.testng.reporters.JUnitReportReporter -->
<testsuite hostname="pc-11" failures="0" tests="4" name="Testcase.LoginTest" time="33.102" errors="0" timestamp="2025-11-11T11:15:18 IST" skipped="0">
  <testcase classname="Testcase.LoginTest" name="testSignUpButtonNavigation" time="7.296"/>
  <testcase classname="Testcase.LoginTest" name="testValidLogin" time="9.870"/>
  <testcase classname="Testcase.LoginTest" name="testContactUsForm" time="8.698"/>
  <testcase classname="Testcase.LoginTest" name="testSubscribeNewsletter" time="7.238"/>
</testsuite> <!-- Testcase.LoginTest -->
